<?xml version="1.0" encoding="UTF-8"?>
<!-- Generated by org.testng.reporters.JUnitReportReporter -->
<testsuite hostname="KUMARANHARSHA" failures="0" tests="1" name="org.testNG.ClassLevelParallelTest2" time="5.194" errors="0" timestamp="2024-11-06T19:47:46 IST" skipped="0">
  <testcase classname="org.testNG.ClassLevelParallelTest2" name="popupLaunch" time="5.194"/>
  <system-out/>
</testsuite> <!-- org.testNG.ClassLevelParallelTest2 -->
