<?xml version="1.0" encoding="UTF-8"?>
<!-- Generated by org.testng.reporters.JUnitReportReporter -->
<testsuite hostname="KUMARANHARSHA" failures="0" tests="1" name="org.restAssured.NonBddGetRequest" time="3.253" errors="0" timestamp="2024-11-14T14:21:49 IST" skipped="0">
  <testcase classname="org.restAssured.NonBddGetRequest" name="getRequest" time="3.253"/>
  <system-out/>
</testsuite> <!-- org.restAssured.NonBddGetRequest -->
