<?xml version="1.0" encoding="UTF-8"?>
<!-- Generated by org.testng.reporters.JUnitReportReporter -->
<testsuite hostname="KUMARANHARSHA" failures="0" tests="3" name="org.TestNG.DiscriptionAttribute" time="1.337" errors="0" timestamp="2024-11-06T11:57:03 IST" skipped="0">
  <testcase classname="org.TestNG.DiscriptionAttribute" name="userName" time="0.115"/>
  <system-out/>
  <testcase classname="org.TestNG.DiscriptionAttribute" name="passWord" time="0.111"/>
  <system-out/>
  <testcase classname="org.TestNG.DiscriptionAttribute" name="createNewAccountClick" time="1.111"/>
  <system-out/>
</testsuite> <!-- org.TestNG.DiscriptionAttribute -->
