<?xml version="1.0" encoding="UTF-8"?>
<!-- Generated by org.testng.reporters.JUnitReportReporter -->
<testsuite hostname="KUMARANHARSHA" failures="0" tests="20" name="org.testNG.DataProviderTest2" time="26.795" errors="0" timestamp="2024-11-06T22:37:39 IST" skipped="0">
  <testcase classname="org.testNG.DataProviderTest2" name="logInField" time="1.247"/>
  <system-out/>
  <testcase classname="org.testNG.DataProviderTest2" name="logInField" time="1.338"/>
  <system-out/>
  <testcase classname="org.testNG.DataProviderTest2" name="logInField" time="1.432"/>
  <system-out/>
  <testcase classname="org.testNG.DataProviderTest2" name="logInField" time="1.363"/>
  <system-out/>
  <testcase classname="org.testNG.DataProviderTest2" name="logInField" time="1.385"/>
  <system-out/>
  <testcase classname="org.testNG.DataProviderTest2" name="logInField" time="1.386"/>
  <system-out/>
  <testcase classname="org.testNG.DataProviderTest2" name="logInField" time="1.373"/>
  <system-out/>
  <testcase classname="org.testNG.DataProviderTest2" name="logInField" time="1.341"/>
  <system-out/>
  <testcase classname="org.testNG.DataProviderTest2" name="logInField" time="1.233"/>
  <system-out/>
  <testcase classname="org.testNG.DataProviderTest2" name="logInField" time="1.361"/>
  <system-out/>
  <testcase classname="org.testNG.DataProviderTest2" name="logInField" time="1.269"/>
  <system-out/>
  <testcase classname="org.testNG.DataProviderTest2" name="logInField" time="1.418"/>
  <system-out/>
  <testcase classname="org.testNG.DataProviderTest2" name="logInField" time="1.301"/>
  <system-out/>
  <testcase classname="org.testNG.DataProviderTest2" name="logInField" time="1.382"/>
  <system-out/>
  <testcase classname="org.testNG.DataProviderTest2" name="logInField" time="1.331"/>
  <system-out/>
  <testcase classname="org.testNG.DataProviderTest2" name="logInField" time="1.257"/>
  <system-out/>
  <testcase classname="org.testNG.DataProviderTest2" name="logInField" time="1.323"/>
  <system-out/>
  <testcase classname="org.testNG.DataProviderTest2" name="logInField" time="1.321"/>
  <system-out/>
  <testcase classname="org.testNG.DataProviderTest2" name="logInField" time="1.375"/>
  <system-out/>
  <testcase classname="org.testNG.DataProviderTest2" name="logInField" time="1.359"/>
  <system-out/>
</testsuite> <!-- org.testNG.DataProviderTest2 -->
