<?xml version="1.0" encoding="UTF-8"?>
<!-- Generated by org.testng.reporters.JUnitReportReporter -->
<testsuite hostname="KUMARANHARSHA" failures="0" tests="1" name="org.testNG.ParameterizedTest" time="0.244" errors="0" timestamp="2024-11-06T20:50:41 IST" skipped="0">
  <testcase classname="org.testNG.ParameterizedTest" name="logInField" time="0.244"/>
  <system-out/>
</testsuite> <!-- org.testNG.ParameterizedTest -->
