<?xml version="1.0" encoding="UTF-8"?>
<!-- Generated by org.testng.reporters.JUnitReportReporter -->
<testsuite hostname="KUMARANHARSHA" failures="0" tests="2" name="org.testNG.InvocationCount" time="2.596" errors="0" timestamp="2024-11-06T20:18:30 IST" skipped="0">
  <testcase classname="org.testNG.InvocationCount" name="logInField" time="1.286"/>
  <system-out/>
  <testcase classname="org.testNG.InvocationCount" name="logInField" time="1.310"/>
  <system-out/>
</testsuite> <!-- org.testNG.InvocationCount -->
