<?xml version="1.0" encoding="UTF-8"?>
<!-- Generated by org.testng.reporters.JUnitReportReporter -->
<testsuite hostname="KUMARANHARSHA" failures="0" tests="1" name="org.dataDriven.Dataprovider" time="2.200" errors="0" timestamp="2024-10-27T19:22:54 IST" skipped="0">
  <testcase classname="org.dataDriven.Dataprovider" name="logInPage" time="2.200"/>
  <system-out/>
</testsuite> <!-- org.dataDriven.Dataprovider -->
