<?xml version="1.0" encoding="UTF-8"?>
<!-- Generated by org.testng.reporters.JUnitReportReporter -->
<testsuite hostname="KUMARANHARSHA" failures="0" tests="3" name="org.TestNG.IgnareAnnotation" time="1.584" errors="0" timestamp="2024-10-27T11:55:58 IST" skipped="1">
  <testcase classname="org.TestNG.IgnareAnnotation" name="userName" time="0.107"/>
  <system-out/>
  <testcase classname="org.TestNG.IgnareAnnotation" name="createNewAccountClick" time="1.477"/>
  <system-out/>
  <testcase classname="org.TestNG.IgnareAnnotation" name="passWord">
    <skipped/>
  </testcase> <!-- passWord -->
  <system-out/>
</testsuite> <!-- org.TestNG.IgnareAnnotation -->
