<?xml version="1.0" encoding="UTF-8"?>
<!-- Generated by org.testng.reporters.JUnitReportReporter -->
<testsuite hostname="KUMARANHARSHA" failures="0" tests="3" name="org.testNG.CrossBrowserTesting" time="8.083" errors="0" timestamp="2024-11-06T23:55:02 IST" skipped="0">
  <testcase classname="org.testNG.CrossBrowserTesting" name="logInField" time="2.595"/>
  <system-out/>
  <testcase classname="org.testNG.CrossBrowserTesting" name="logInField" time="3.607"/>
  <system-out/>
  <testcase classname="org.testNG.CrossBrowserTesting" name="logInField" time="1.881"/>
  <system-out/>
</testsuite> <!-- org.testNG.CrossBrowserTesting -->
