<?xml version="1.0" encoding="UTF-8"?>
<!-- Generated by org.testng.reporters.JUnitReportReporter -->
<testsuite hostname="KUMARANHARSHA" failures="0" tests="1" name="org.restAssured.NonBddPutRequest" time="3.626" errors="0" timestamp="2024-11-14T15:35:54 IST" skipped="0">
  <testcase classname="org.restAssured.NonBddPutRequest" name="putRequest" time="3.626"/>
  <system-out/>
</testsuite> <!-- org.restAssured.NonBddPutRequest -->
