<?xml version="1.0" encoding="UTF-8"?>
<!-- Generated by org.testng.reporters.JUnitReportReporter -->
<testsuite hostname="KUMARANHARSHA" failures="0" tests="1" name="org.testNG.ExpectedException" time="1.018" errors="0" timestamp="2024-11-06T20:24:03 IST" skipped="0">
  <testcase classname="org.testNG.ExpectedException" name="logIn" time="1.018"/>
  <system-out/>
</testsuite> <!-- org.testNG.ExpectedException -->
