<?xml version="1.0" encoding="UTF-8"?>
<!-- Generated by org.testng.reporters.JUnitReportReporter -->
<testsuite hostname="KUMARANHARSHA" failures="0" tests="20" name="org.testNG2.DataProvider2" time="25.946" errors="0" timestamp="2024-11-06T00:20:08 IST" skipped="0">
  <testcase classname="org.testNG2.DataProvider2" name="logIn" time="1.230"/>
  <system-out/>
  <testcase classname="org.testNG2.DataProvider2" name="logIn" time="1.324"/>
  <system-out/>
  <testcase classname="org.testNG2.DataProvider2" name="logIn" time="1.324"/>
  <system-out/>
  <testcase classname="org.testNG2.DataProvider2" name="logIn" time="1.317"/>
  <system-out/>
  <testcase classname="org.testNG2.DataProvider2" name="logIn" time="1.314"/>
  <system-out/>
  <testcase classname="org.testNG2.DataProvider2" name="logIn" time="1.324"/>
  <system-out/>
  <testcase classname="org.testNG2.DataProvider2" name="logIn" time="1.282"/>
  <system-out/>
  <testcase classname="org.testNG2.DataProvider2" name="logIn" time="1.342"/>
  <system-out/>
  <testcase classname="org.testNG2.DataProvider2" name="logIn" time="1.227"/>
  <system-out/>
  <testcase classname="org.testNG2.DataProvider2" name="logIn" time="1.309"/>
  <system-out/>
  <testcase classname="org.testNG2.DataProvider2" name="logIn" time="1.263"/>
  <system-out/>
  <testcase classname="org.testNG2.DataProvider2" name="logIn" time="1.349"/>
  <system-out/>
  <testcase classname="org.testNG2.DataProvider2" name="logIn" time="1.271"/>
  <system-out/>
  <testcase classname="org.testNG2.DataProvider2" name="logIn" time="1.322"/>
  <system-out/>
  <testcase classname="org.testNG2.DataProvider2" name="logIn" time="1.305"/>
  <system-out/>
  <testcase classname="org.testNG2.DataProvider2" name="logIn" time="1.210"/>
  <system-out/>
  <testcase classname="org.testNG2.DataProvider2" name="logIn" time="1.266"/>
  <system-out/>
  <testcase classname="org.testNG2.DataProvider2" name="logIn" time="1.329"/>
  <system-out/>
  <testcase classname="org.testNG2.DataProvider2" name="logIn" time="1.338"/>
  <system-out/>
  <testcase classname="org.testNG2.DataProvider2" name="logIn" time="1.300"/>
  <system-out/>
</testsuite> <!-- org.testNG2.DataProvider2 -->
