<?xml version="1.0" encoding="UTF-8"?>
<!-- Generated by org.testng.reporters.JUnitReportReporter -->
<testsuite hostname="KUMARANHARSHA" failures="0" tests="3" name="org.testNG2.ParameterizedTest" time="0.491" errors="0" timestamp="2024-11-05T22:29:42 IST" skipped="0">
  <testcase classname="org.testNG2.ParameterizedTest" name="logIn" time="0.157"/>
  <system-out/>
  <testcase classname="org.testNG2.ParameterizedTest" name="logIn" time="0.195"/>
  <system-out/>
  <testcase classname="org.testNG2.ParameterizedTest" name="logIn" time="0.139"/>
  <system-out/>
</testsuite> <!-- org.testNG2.ParameterizedTest -->
