<?xml version="1.0" encoding="UTF-8"?>
<!-- Generated by org.testng.reporters.JUnitReportReporter -->
<testsuite hostname="KUMARANHARSHA" failures="0" tests="1" name="org.testNG.ClassLevelParallelTest4" time="11.281" errors="0" timestamp="2024-11-06T19:47:46 IST" skipped="0">
  <testcase classname="org.testNG.ClassLevelParallelTest4" name="dropdownLaunch" time="11.281"/>
  <system-out/>
</testsuite> <!-- org.testNG.ClassLevelParallelTest4 -->
