<?xml version="1.0" encoding="UTF-8"?>
<!-- Generated by org.testng.reporters.JUnitReportReporter -->
<testsuite hostname="KUMARANHARSHA" failures="0" tests="11" name="org.testNG.GroupingTest" time="5.105" errors="0" timestamp="2024-11-06T12:54:01 IST" skipped="0">
  <testcase classname="org.testNG.GroupingTest" name="userName1" time="0.104"/>
  <system-out/>
  <testcase classname="org.testNG.GroupingTest" name="passWord1" time="0.085"/>
  <system-out/>
  <testcase classname="org.testNG.GroupingTest" name="createNewAccountClick1" time="1.136"/>
  <system-out/>
  <testcase classname="org.testNG.GroupingTest" name="firstName" time="0.122"/>
  <system-out/>
  <testcase classname="org.testNG.GroupingTest" name="lastName" time="0.077"/>
  <system-out/>
  <testcase classname="org.testNG.GroupingTest" name="daySelectMethod" time="0.105"/>
  <system-out/>
  <testcase classname="org.testNG.GroupingTest" name="monthSelectMethod" time="0.121"/>
  <system-out/>
  <testcase classname="org.testNG.GroupingTest" name="yearSelectMethod" time="0.105"/>
  <system-out/>
  <testcase classname="org.testNG.GroupingTest" name="genderClickMethod" time="0.058"/>
  <system-out/>
  <testcase classname="org.testNG.GroupingTest" name="mobileNumberMethod" time="0.087"/>
  <system-out/>
  <testcase classname="org.testNG.GroupingTest" name="newPasswordMethod" time="3.105"/>
  <system-out/>
</testsuite> <!-- org.testNG.GroupingTest -->
