<?xml version="1.0" encoding="UTF-8"?>
<!-- Generated by org.testng.reporters.JUnitReportReporter -->
<testsuite hostname="KUMARANHARSHA" failures="0" tests="1" name="org.testNG3.SimpleAnnotation" time="4.206" errors="0" timestamp="2024-11-06T10:20:38 IST" skipped="0">
  <testcase classname="org.testNG3.SimpleAnnotation" name="logInField" time="4.206"/>
  <system-out/>
</testsuite> <!-- org.testNG3.SimpleAnnotation -->
