<?xml version="1.0" encoding="UTF-8"?>
<!-- Generated by org.testng.reporters.JUnitReportReporter -->
<testsuite hostname="KUMARANHARSHA" failures="0" tests="20" name="org.testNG2.DataProvider3" time="26.344" errors="0" timestamp="2024-11-06T00:52:24 IST" skipped="0">
  <testcase classname="org.testNG2.DataProvider3" name="logIn" time="1.185"/>
  <system-out/>
  <testcase classname="org.testNG2.DataProvider3" name="logIn" time="1.307"/>
  <system-out/>
  <testcase classname="org.testNG2.DataProvider3" name="logIn" time="1.375"/>
  <system-out/>
  <testcase classname="org.testNG2.DataProvider3" name="logIn" time="1.354"/>
  <system-out/>
  <testcase classname="org.testNG2.DataProvider3" name="logIn" time="1.358"/>
  <system-out/>
  <testcase classname="org.testNG2.DataProvider3" name="logIn" time="1.342"/>
  <system-out/>
  <testcase classname="org.testNG2.DataProvider3" name="logIn" time="1.330"/>
  <system-out/>
  <testcase classname="org.testNG2.DataProvider3" name="logIn" time="1.318"/>
  <system-out/>
  <testcase classname="org.testNG2.DataProvider3" name="logIn" time="1.227"/>
  <system-out/>
  <testcase classname="org.testNG2.DataProvider3" name="logIn" time="1.348"/>
  <system-out/>
  <testcase classname="org.testNG2.DataProvider3" name="logIn" time="1.256"/>
  <system-out/>
  <testcase classname="org.testNG2.DataProvider3" name="logIn" time="1.322"/>
  <system-out/>
  <testcase classname="org.testNG2.DataProvider3" name="logIn" time="1.286"/>
  <system-out/>
  <testcase classname="org.testNG2.DataProvider3" name="logIn" time="1.332"/>
  <system-out/>
  <testcase classname="org.testNG2.DataProvider3" name="logIn" time="1.490"/>
  <system-out/>
  <testcase classname="org.testNG2.DataProvider3" name="logIn" time="1.225"/>
  <system-out/>
  <testcase classname="org.testNG2.DataProvider3" name="logIn" time="1.310"/>
  <system-out/>
  <testcase classname="org.testNG2.DataProvider3" name="logIn" time="1.336"/>
  <system-out/>
  <testcase classname="org.testNG2.DataProvider3" name="logIn" time="1.305"/>
  <system-out/>
  <testcase classname="org.testNG2.DataProvider3" name="logIn" time="1.338"/>
  <system-out/>
</testsuite> <!-- org.testNG2.DataProvider3 -->
