<?xml version="1.0" encoding="UTF-8"?>
<!-- Generated by org.testng.reporters.JUnitReportReporter -->
<testsuite hostname="KUMARANHARSHA" failures="0" tests="5" name="org.testNG.IncludeExclude" time="1.621" errors="0" timestamp="2024-11-06T12:25:02 IST" skipped="0">
  <testcase classname="org.testNG.IncludeExclude" name="userName" time="0.109"/>
  <system-out/>
  <testcase classname="org.testNG.IncludeExclude" name="passWord" time="0.084"/>
  <system-out/>
  <testcase classname="org.testNG.IncludeExclude" name="firstName" time="0.123"/>
  <system-out/>
  <testcase classname="org.testNG.IncludeExclude" name="lastName" time="0.082"/>
  <system-out/>
  <testcase classname="org.testNG.IncludeExclude" name="createNewAccountClick" time="1.223"/>
  <system-out/>
</testsuite> <!-- org.testNG.IncludeExclude -->
