<?xml version="1.0" encoding="UTF-8"?>
<!-- Generated by org.testng.reporters.JUnitReportReporter -->
<testsuite hostname="KUMARANHARSHA" failures="0" tests="5" name="org.TestNG.DependsOnMethods" time="1.898" errors="0" timestamp="2024-11-06T12:06:17 IST" skipped="0">
  <testcase classname="org.TestNG.DependsOnMethods" name="firstName" time="0.130"/>
  <system-out/>
  <testcase classname="org.TestNG.DependsOnMethods" name="lastName" time="0.079"/>
  <system-out/>
  <testcase classname="org.TestNG.DependsOnMethods" name="passWord" time="0.081"/>
  <system-out/>
  <testcase classname="org.TestNG.DependsOnMethods" name="userName" time="0.110"/>
  <system-out/>
  <testcase classname="org.TestNG.DependsOnMethods" name="createNewAccountClick" time="1.498"/>
  <system-out/>
</testsuite> <!-- org.TestNG.DependsOnMethods -->
