<?xml version="1.0" encoding="UTF-8"?>
<!-- Generated by org.testng.reporters.JUnitReportReporter -->
<testsuite hostname="KUMARANHARSHA" failures="0" tests="3" name="org.testNG.MethodLevelParallelTest" time="23.069" errors="0" timestamp="2024-11-06T23:21:06 IST" skipped="0">
  <testcase classname="org.testNG.MethodLevelParallelTest" name="logInPage3" time="7.270"/>
  <system-out/>
  <testcase classname="org.testNG.MethodLevelParallelTest" name="logInPage" time="9.237"/>
  <system-out/>
  <testcase classname="org.testNG.MethodLevelParallelTest" name="logInPage2" time="6.562"/>
  <system-out/>
</testsuite> <!-- org.testNG.MethodLevelParallelTest -->
