<?xml version="1.0" encoding="UTF-8"?>
<!-- Generated by org.testng.reporters.JUnitReportReporter -->
<testsuite hostname="KUMARANHARSHA" failures="0" tests="11" name="org.testNG.GroupingTest2" time="4.644" errors="0" timestamp="2024-11-06T13:52:35 IST" skipped="0">
  <testcase classname="org.testNG.GroupingTest2" name="userName" time="0.082"/>
  <system-out/>
  <testcase classname="org.testNG.GroupingTest2" name="passWord" time="0.074"/>
  <system-out/>
  <testcase classname="org.testNG.GroupingTest2" name="createNewAccountClick" time="0.967"/>
  <system-out/>
  <testcase classname="org.testNG.GroupingTest2" name="firstName" time="0.074"/>
  <system-out/>
  <testcase classname="org.testNG.GroupingTest2" name="lastName" time="0.061"/>
  <system-out/>
  <testcase classname="org.testNG.GroupingTest2" name="daySelectMethod" time="0.068"/>
  <system-out/>
  <testcase classname="org.testNG.GroupingTest2" name="monthSelectMethod" time="0.060"/>
  <system-out/>
  <testcase classname="org.testNG.GroupingTest2" name="yearSelectMethod" time="0.077"/>
  <system-out/>
  <testcase classname="org.testNG.GroupingTest2" name="genderClickMethod" time="0.043"/>
  <system-out/>
  <testcase classname="org.testNG.GroupingTest2" name="mobileNumberMethod" time="0.060"/>
  <system-out/>
  <testcase classname="org.testNG.GroupingTest2" name="newPasswordMethod" time="3.078"/>
  <system-out/>
</testsuite> <!-- org.testNG.GroupingTest2 -->
