<?xml version="1.0" encoding="UTF-8"?>
<!-- Generated by org.testng.reporters.JUnitReportReporter -->
<testsuite hostname="KUMARANHARSHA" failures="0" tests="3" name="org.testNG.MultipleParameters" time="6.087" errors="0" timestamp="2024-11-07T01:05:50 IST" skipped="0">
  <testcase classname="org.testNG.MultipleParameters" name="logInField" time="2.571"/>
  <system-out/>
  <testcase classname="org.testNG.MultipleParameters" name="logInField" time="2.399"/>
  <system-out/>
  <testcase classname="org.testNG.MultipleParameters" name="logInField" time="1.117"/>
  <system-out/>
</testsuite> <!-- org.testNG.MultipleParameters -->
