<?xml version="1.0" encoding="UTF-8"?>
<!-- Generated by org.testng.reporters.JUnitReportReporter -->
<testsuite hostname="KUMARANHARSHA" failures="0" tests="1" name="org.restAssured.NonBddPostRequest" time="2.773" errors="0" timestamp="2024-11-14T15:08:34 IST" skipped="0">
  <testcase classname="org.restAssured.NonBddPostRequest" name="postRequest" time="2.773"/>
  <system-out/>
</testsuite> <!-- org.restAssured.NonBddPostRequest -->
