<?xml version="1.0" encoding="UTF-8"?>
<!-- Generated by org.testng.reporters.JUnitReportReporter -->
<testsuite hostname="KUMARANHARSHA" failures="0" tests="4" name="org.testNG3.PriorityAttribute" time="1.725" errors="0" timestamp="2024-11-06T10:33:09 IST" skipped="0">
  <testcase classname="org.testNG3.PriorityAttribute" name="usernameField" time="0.103"/>
  <system-out/>
  <testcase classname="org.testNG3.PriorityAttribute" name="passwordField" time="0.104"/>
  <system-out/>
  <testcase classname="org.testNG3.PriorityAttribute" name="createNewAccountField" time="1.372"/>
  <system-out/>
  <testcase classname="org.testNG3.PriorityAttribute" name="firstName" time="0.146"/>
  <system-out/>
</testsuite> <!-- org.testNG3.PriorityAttribute -->
