<?xml version="1.0" encoding="UTF-8"?>
<!-- Generated by org.testng.reporters.JUnitReportReporter -->
<testsuite hostname="KUMARANHARSHA" failures="0" tests="4" name="org.testNG.DataProviderTest" time="5.000" errors="0" timestamp="2024-11-06T22:02:48 IST" skipped="0">
  <testcase classname="org.testNG.DataProviderTest" name="logInField" time="1.260"/>
  <system-out/>
  <testcase classname="org.testNG.DataProviderTest" name="logInField" time="1.275"/>
  <system-out/>
  <testcase classname="org.testNG.DataProviderTest" name="logInField" time="1.245"/>
  <system-out/>
  <testcase classname="org.testNG.DataProviderTest" name="logInField" time="1.220"/>
  <system-out/>
</testsuite> <!-- org.testNG.DataProviderTest -->
