<?xml version="1.0" encoding="UTF-8"?>
<!-- Generated by org.testng.reporters.JUnitReportReporter -->
<testsuite hostname="KUMARANHARSHA" failures="0" tests="3" name="org.testNG3.IgnoreAnnotation" time="1.619" errors="0" timestamp="2024-11-06T10:45:13 IST" skipped="2">
  <testcase classname="org.testNG3.IgnoreAnnotation" name="createNewAccountField" time="1.619"/>
  <system-out/>
  <testcase classname="org.testNG3.IgnoreAnnotation" name="passwordField">
    <skipped/>
  </testcase> <!-- passwordField -->
  <system-out/>
  <testcase classname="org.testNG3.IgnoreAnnotation" name="firstName">
    <skipped/>
  </testcase> <!-- firstName -->
  <system-out/>
</testsuite> <!-- org.testNG3.IgnoreAnnotation -->
