<?xml version="1.0" encoding="UTF-8"?>
<!-- Generated by org.testng.reporters.JUnitReportReporter -->
<testsuite hostname="KUMARANHARSHA" failures="0" tests="11" name="org.TestNG.PriorityAnnotation" time="4.910" errors="0" timestamp="2024-10-27T11:15:58 IST" skipped="0">
  <testcase classname="org.TestNG.PriorityAnnotation" name="userName" time="0.103"/>
  <system-out/>
  <testcase classname="org.TestNG.PriorityAnnotation" name="passWord" time="0.090"/>
  <system-out/>
  <testcase classname="org.TestNG.PriorityAnnotation" name="createNewAccountClick" time="0.896"/>
  <system-out/>
  <testcase classname="org.TestNG.PriorityAnnotation" name="firstName" time="0.144"/>
  <system-out/>
  <testcase classname="org.TestNG.PriorityAnnotation" name="lastName" time="0.088"/>
  <system-out/>
  <testcase classname="org.TestNG.PriorityAnnotation" name="daySelectMethod" time="0.100"/>
  <system-out/>
  <testcase classname="org.TestNG.PriorityAnnotation" name="monthSelectMethod" time="0.136"/>
  <system-out/>
  <testcase classname="org.TestNG.PriorityAnnotation" name="yearSelectMethod" time="0.087"/>
  <system-out/>
  <testcase classname="org.TestNG.PriorityAnnotation" name="genderClickMethod" time="0.068"/>
  <system-out/>
  <testcase classname="org.TestNG.PriorityAnnotation" name="mobileNumberMethod" time="0.095"/>
  <system-out/>
  <testcase classname="org.TestNG.PriorityAnnotation" name="newPasswordMethod" time="3.103"/>
  <system-out/>
</testsuite> <!-- org.TestNG.PriorityAnnotation -->
