<?xml version="1.0" encoding="UTF-8"?>
<!-- Generated by org.testng.reporters.JUnitReportReporter -->
<testsuite hostname="KUMARANHARSHA" failures="0" tests="20" name="org.dataDriven.DataProviderss" time="47.182" errors="0" timestamp="2024-10-27T01:35:16 IST" skipped="0">
  <testcase classname="org.dataDriven.DataProviderss" name="logInPage" time="2.417"/>
  <system-out/>
  <testcase classname="org.dataDriven.DataProviderss" name="logInPage" time="2.304"/>
  <system-out/>
  <testcase classname="org.dataDriven.DataProviderss" name="logInPage" time="2.331"/>
  <system-out/>
  <testcase classname="org.dataDriven.DataProviderss" name="logInPage" time="2.467"/>
  <system-out/>
  <testcase classname="org.dataDriven.DataProviderss" name="logInPage" time="2.292"/>
  <system-out/>
  <testcase classname="org.dataDriven.DataProviderss" name="logInPage" time="2.252"/>
  <system-out/>
  <testcase classname="org.dataDriven.DataProviderss" name="logInPage" time="2.276"/>
  <system-out/>
  <testcase classname="org.dataDriven.DataProviderss" name="logInPage" time="2.470"/>
  <system-out/>
  <testcase classname="org.dataDriven.DataProviderss" name="logInPage" time="2.455"/>
  <system-out/>
  <testcase classname="org.dataDriven.DataProviderss" name="logInPage" time="2.489"/>
  <system-out/>
  <testcase classname="org.dataDriven.DataProviderss" name="logInPage" time="2.510"/>
  <system-out/>
  <testcase classname="org.dataDriven.DataProviderss" name="logInPage" time="2.277"/>
  <system-out/>
  <testcase classname="org.dataDriven.DataProviderss" name="logInPage" time="2.308"/>
  <system-out/>
  <testcase classname="org.dataDriven.DataProviderss" name="logInPage" time="2.284"/>
  <system-out/>
  <testcase classname="org.dataDriven.DataProviderss" name="logInPage" time="2.309"/>
  <system-out/>
  <testcase classname="org.dataDriven.DataProviderss" name="logInPage" time="2.270"/>
  <system-out/>
  <testcase classname="org.dataDriven.DataProviderss" name="logInPage" time="2.314"/>
  <system-out/>
  <testcase classname="org.dataDriven.DataProviderss" name="logInPage" time="2.378"/>
  <system-out/>
  <testcase classname="org.dataDriven.DataProviderss" name="logInPage" time="2.300"/>
  <system-out/>
  <testcase classname="org.dataDriven.DataProviderss" name="logInPage" time="2.479"/>
  <system-out/>
</testsuite> <!-- org.dataDriven.DataProviderss -->
