<?xml version="1.0" encoding="UTF-8"?>
<!-- Generated by org.testng.reporters.JUnitReportReporter -->
<testsuite hostname="KUMARANHARSHA" failures="0" tests="4" name="org.testNG2.DataproviderTest" time="0.622" errors="0" timestamp="2024-11-05T22:47:53 IST" skipped="0">
  <testcase classname="org.testNG2.DataproviderTest" name="logIn" time="0.148"/>
  <system-out/>
  <testcase classname="org.testNG2.DataproviderTest" name="logIn" time="0.166"/>
  <system-out/>
  <testcase classname="org.testNG2.DataproviderTest" name="logIn" time="0.151"/>
  <system-out/>
  <testcase classname="org.testNG2.DataproviderTest" name="logIn" time="0.157"/>
  <system-out/>
</testsuite> <!-- org.testNG2.DataproviderTest -->
