<?xml version="1.0" encoding="UTF-8"?>
<!-- Generated by org.testng.reporters.JUnitReportReporter -->
<testsuite hostname="KUMARANHARSHA" failures="0" tests="1" name="org.TestNG.SimpleAnnotation" time="0.187" errors="0" timestamp="2024-10-27T10:20:43 IST" skipped="0">
  <testcase classname="org.TestNG.SimpleAnnotation" name="logInPage" time="0.187"/>
  <system-out/>
</testsuite> <!-- org.TestNG.SimpleAnnotation -->
