<?xml version="1.0" encoding="UTF-8"?>
<!-- Generated by org.testng.reporters.JUnitReportReporter -->
<testsuite hostname="KUMARANHARSHA" failures="0" tests="3" name="org.TestNG.AlwaysRunAttribute2" time="1.367" errors="0" timestamp="2024-11-06T11:38:56 IST" skipped="1">
  <testcase classname="org.TestNG.AlwaysRunAttribute2" name="userName" time="0.107"/>
  <system-out/>
  <testcase classname="org.TestNG.AlwaysRunAttribute2" name="createNewAccountClick" time="1.260"/>
  <system-out/>
  <testcase classname="org.TestNG.AlwaysRunAttribute2" name="passWord">
    <skipped/>
  </testcase> <!-- passWord -->
  <system-out/>
</testsuite> <!-- org.TestNG.AlwaysRunAttribute2 -->
