<?xml version="1.0" encoding="UTF-8"?>
<!-- Generated by org.testng.reporters.JUnitReportReporter -->
<testsuite hostname="KUMARANHARSHA" failures="0" tests="1" name="org.dataDriven.ParameterTest" time="0.284" errors="0" timestamp="2024-11-06T14:42:47 IST" skipped="0">
  <testcase classname="org.dataDriven.ParameterTest" name="logInPage" time="0.284"/>
  <system-out/>
</testsuite> <!-- org.dataDriven.ParameterTest -->
